<?xml version="1.0" encoding="UTF-8"?>
<!-- Generated by org.testng.reporters.JUnitReportReporter -->
<testsuite skipped="0" hostname="DESKTOP-6NFMK29" name="practise.AppiumFramework.TC_01" tests="1" failures="0" timestamp="2022-04-26T14:01:00 IST" time="90.947" errors="0">
  <testcase name="tc1" time="90.947" classname="practise.AppiumFramework.TC_01"/>
  <system-out/>
</testsuite> <!-- practise.AppiumFramework.TC_01 -->
